<?xml version="1.0" encoding="UTF-8"?>
<!-- Generated by org.testng.reporters.JUnitXMLReporter -->
<testsuite ignored="0" hostname="DESKTOP-3SFL1BC" failures="0" tests="5" name="Test" time="17.336" errors="0" timestamp="2021-07-12T17:06:58 CST">
  <testcase classname="testNG.AboutTestNg" name="f1" time="0.928"/>
  <testcase classname="testNG.AboutTestNg" name="f2" time="1.097"/>
  <testcase classname="testNG.AboutTestNg" name="f3" time="11.482"/>
  <testcase classname="testNG.AboutTestNg" name="f4" time="0.001"/>
  <testcase classname="testNG.AboutTestNg" name="f5" time="0.001"/>
</testsuite> <!-- Test -->
